Info : Unable to match requested speed 2000 kHz, using 1800 kHz
Info : Unable to match requested speed 2000 kHz, using 1800 kHz
Info : clock speed 1800 kHz
Info : STLINK v2 JTAG v16 API v2 SWIM v4 VID 0x0483 PID 0x3748
Info : using stlink api v2
Info : Target voltage: 3.222721
Info : stm32f4x.cpu: hardware has 6 breakpoints, 4 watchpoints
Info : accepting 'gdb' connection from pipe
Info : device id = 0x100f6413
Info : flash size = 512kbytes
undefined debug reason 7 - target needs reset
adapter speed: 2000 kHz
target halted due to debug-request, current mode: Thread 
xPSR: 0x01000000 pc: 0x08001ae0 msp: 0x20020000
adapter speed: 2000 kHz
target halted due to debug-request, current mode: Thread 
xPSR: 0x01000000 pc: 0x08001ae0 msp: 0x20020000
adapter speed: 8000 kHz
target halted due to breakpoint, current mode: Thread 
xPSR: 0x61000000 pc: 0x20000046 msp: 0x20020000
adapter speed: 2000 kHz
target halted due to debug-request, current mode: Thread 
xPSR: 0x01000000 pc: 0x080020cc msp: 0x20020000
Info : halted: PC: 0x08001d58
Info : halted: PC: 0x08000fb2
Info : halted: PC: 0x08000fb2
Info : halted: PC: 0x08000fb2
Info : halted: PC: 0x0800086e
Info : halted: PC: 0x0800086e
Info : halted: PC: 0x0800086e
Info : halted: PC: 0x0800086e
Info : halted: PC: 0x0800086e
Info : halted: PC: 0x0800086e
Info : halted: PC: 0x0800086e
Info : halted: PC: 0x0800086e
Info : halted: PC: 0x0800086e
Info : halted: PC: 0x0800086e
Info : dropped 'gdb' connection
